%%
499.6815828018352
-3.5965481374096555
-8.609173353779953
2.059642516117367
-2.6860348462437225
18.361818566851372
-17.49402666288
19.676660999324607
-0.3267842152173004
6.616701774573534
3.7154986060203927
-3.1633285176205947
7.919663105238327
-13.270281721879192
8.385024781049966
21.744167721820308
13.715491123972614
2.554946557815783
-0.4893785097528376
7.347322093395953
14.10798221426172
11.500115358610488
-1.7873841170319442
-3.531060268848979
-3.7397517201993327
2.029563844813333
7.751392270953716
0.4987486091518716
9.165312151558647
-1.917278140637468
-1.5062605698068154
-1.4745832653717879
5.592321387994594
7.481481738105745
-6.928867727236679
9.764799893332446
-11.20182217863937
0.22489540171893818
-5.905946979288307
12.294226001556629
-17.89980972269532
1.8672568987443032
-3.1286613869244966
9.38510312646598
9.799978298412553
9.453429686052308
-10.369262083811863
10.801265921533572
2.9372059549506306
0.40427292100708234
7.929523849013095
6.3552424619673085
-9.119280291600836
-1.6440965202725484
-11.258065277158371
10.083500913318188
14.392857104074036
-0.9463071782463697
-3.6272927119441056
-2.468729523590603
3.766778342642746
-1.271371995263978
4.735269101622756
1.608023023405219
14.660869963242991
5.042526103265409
-8.107838377598663
12.269466995205649
-5.3447561750360135
-8.677557168757756
17.355167112876412
-10.008566835908802
-8.194932649560739
-6.87143158343451
-2.2670624052816466
-16.84819264286808
21.33599313052022
16.669259832607278
1.0484366364485107
5.003377945847586
1.8455482808793562
-17.12994367660205
8.079351636285411
-1.2632947313631613
-11.133551710567419
-10.151002730174627
11.038016194992595
5.937139897251117
-14.627588316076865
5.226009830405535
-15.766963093673033
3.8685177117507026
10.619277056588155
-12.513268625708443
-0.43077097743615145
5.222731953626273
5.3400735490690545
-3.6318625905697144
22.013349204305594
-7.613915482555464
18.80338947708889
-4.6247792813002535
2.3676451286687192
3.9364513626749793
23.792683729479368
-0.6810408560820029
-6.095590436231258
4.447163695531535
15.499137584150452
5.311252126531056
3.6529779009522114
-6.366360720991895
-3.0314448060097114
-2.6034210752852016
0.548357935665812
-1.0694236056584565
-4.642089004118748
21.80351640625871
0.043759803056433455
-4.281253602927877
15.335608468133321
6.651161530432138
-4.838360850431241
-2.4329720555247163
6.1548042489158465
-6.027823001968132
-7.531781732201488
-1.7067998171618277
4.66031811079895
10.396410774285643
-5.881579405795479
6.006863116658604
14.918514717494828
-2.3249463599017277
11.521901165267925
9.906478178741066
-3.316038102573977
-3.8936160158345285
9.935689557998947
-13.85419955225265
-15.395420872956633
12.075059166792583
8.767006522231965
-2.01705740689386
-8.542323589748031
18.66538255923869
6.785000688555697
-16.776643636504833
-2.684641847496631
6.203680922111288
-13.294466360497234
-6.4255866364562655
-8.019826500010518
8.186711125199908
-4.633207243479798
9.143122390594934
5.180633170243282
-10.946522514299234
0.637124852442305
-4.427872933577333
-0.9959523524723326
7.72603659973199
13.878371170186442
-0.05490424520998971
-4.077583536190317
9.219402694560594
2.0058650397648927
15.026379198214252
15.577466439983821
-2.535601952497953
9.783037026403433
6.521595766685086
-4.33647985850624
8.10297985118868
-5.444615437114883
20.756255327362542
6.608476086528959
-9.015118862493347
16.81696990638193
2.2462234715144413
8.718789519456712
5.235955379388321
-6.39499320194582
-5.406504882338013
0.9459619118405964
-5.8680729350673415
10.326201207908804
8.99253397527968
6.61271886031073
-1.2182716681634416
5.941678229188848
12.773720508430054
-9.557565845606272
-12.274320284761872
-0.470305111019176
0.2676437400260154
-8.162081344200233
-10.129557048714128
-3.9161777356910803
-3.969353092491111
25.28295297348561
0.6561847803898804
7.614434575579039
7.418919809187773
2.893283388649433
-24.459947335523374
15.835506842952716
0.4878587255004634
-7.5193339544879185
9.369115865064947
-0.6455625029206926
-11.59946757402073
16.625458559672037
-1.6167232626850483
1.293862269360221
-4.988246403707791
-3.648764262010371
-8.175367315397674
11.034716783503422
-0.2138367913715058
15.767156997338146
-0.5332694577262531
-12.360751489200002
-0.920269578435315
-0.19385447154076596
1.0267245597104755
-3.3324229247602686
13.522921526454434
-13.069846622609674
2.175002170145932
-5.415962683847206
0.29566436394909523
-13.067149110539246
6.7257359043570775
3.1580019040780996
3.462983839789819
12.848584832923597
13.643989596830634
7.87768553558557
-17.737213515267843
7.514722054551052
12.27935545527926
-2.3686601318464966
-11.142323442794664
-15.429927707075946
0.6239861866319361
-9.225508078892064
-9.56843392566971
11.452571110854985
-0.7158179047329902
11.626917855138336
-0.5765873367396139
3.943119519965158
-3.0649088164581353
18.31914051627086
4.945137213272864
-8.189853539271871
10.246756599336235
-6.779968407946494
11.753128233889472
-3.0739048326698657
-5.359491190952231
8.829969463878959
5.137078231187519
-4.071149187241356
-13.90142295949211
-1.2868041488011634
20.677292248153584
2.288161714411345
-12.258370510790451
0.6037616571241897
3.0415995706908667
-3.2222794589857524
4.068536785008477
-1.5583699501152628
11.504536117290305
-14.909162432390064
6.920943508648338
-5.777236431636081
-1.989853423401483
4.197107278076202
-0.2404311924943343
1.9396310332806843
15.988141475906795
3.1711513621823184
-10.216884035564236
-9.592212607107081
-2.5675592945577326
13.786079628055374
-5.6310386948729105
18.567740508249347
4.410280038113615
5.700985525913878
1.731045750545565
-6.853098575436403
4.826810101843276
5.066004871793413
8.639423477365822
5.492717714030916
14.0853645746295
8.917608279324655
3.461900924543172
-1.0610049802469015
7.131087489251878
5.269877259282796
4.395517888881012
-9.438370977528956
13.065878983199136
1.6630952624330608
-4.715926741464611
11.472482438363825
12.855957244745257
-0.9566890796764369
-9.970378572392526
-6.624859476766506
8.878839913698995
18.482255139406416
-7.703371418126774
-10.942541916461805
-17.474414451167203
-12.802195649237683
-22.230532945461366
1.080504680553848
-0.2841140965979577
-8.214925905419465
-4.998654408414038
6.904465022072283
9.78153179204231
-13.557471601157724
-3.3781476618666
-6.48232964967431
-2.7014291231586687
-12.422961031469331
-2.850794545328947
-5.740152415198284
-3.5626003621113633
7.4171632680127315
0.0001323617795425669
3.0880282068257165
6.329912755993338
3.0393666063102542
-9.844129435361149
1.482028809243761
-8.157723625252958
-8.110412151822343
11.70745075026638
4.486349610681442
0.016339515796034654
17.453482453609045
14.047271314421069
-10.552040946042188
-6.763983664971348
-1.0054775756356413
-13.209568143380364
-0.26109325992175414
-9.213556497793354
-2.495589734069243
-0.6878565241090742
-3.2330797988811795
0.8626944057415422
-2.8911225664442783
-8.778406108052009
2.4943612182913264
2.9559035983644937
7.826738536035166
0.1993076871138486
-16.160363710272588
11.146396720048363
8.828459989346198
4.921192787318229
4.430893417574454
-9.063251193126273
-9.301546094487447
-3.8043691780946784
4.129626025688488
20.495089865928986
-2.02717642736435
-10.226015473011893
-7.602364005300848
-1.0169257885709917
6.07438875522278
10.778724624940716
-7.613350666157296
9.667814456085376
-5.440907416922095
12.783353526865815
-7.184031636400539
7.126556943899195
-10.357628433702706
-4.1069741794163575
2.678671173843536
1.7972770863380212
20.954209826956973
7.152960445372098
-1.593024929944419
6.4432797866790095
15.7562901314256
8.4458650100657
-13.57511399307821
15.862625294652913
-2.2748030796579926
-21.459029852277784
6.729162182575904
-13.637084644419053
-4.742867009239492
-2.0790641202386664
9.939998104432009
-2.2151205751804564
-0.7855180774520415
2.0119334852585724
-3.6222259053929418
-1.183450969779458
-3.780162514219016
0.429244237393952
5.01945336478524
-11.158464094323106
-3.6089375286729704
6.630116829349821
-18.165236722272834
-13.123636666457946
10.278969606927484
-25.821186962406312
-3.5708150347427923
-12.57636706290217
-14.457040005915863
9.107253751287944
11.047731783483947
-4.10852215849283
-21.712154210249864
-0.9387542101401571
-13.762726302560216
-4.748736553856275
-8.114568304378215
-0.36489691445299277
-4.15707108782516
-1.6962382539923182
4.984962723860251
-2.2976132126174393
5.762296853439506
9.63404360482687
-6.247625086141139
-17.572002840838447
3.875902177118228
3.6135851688070093
3.3295037545388495
-6.7427946835834325
1.0070528503237908
-16.928668799975373
-4.082445011130903
-5.905716061750534
0.8261415130776216
1.125174636000157
6.315531805150916
8.338342901157032
-23.27024281426407
2.471341147626376
-10.118774352852293
4.972440775303855
7.139701223950288
0.35325075894802804
23.362053331309813
10.842099732277111
4.94673194096161
6.408378238427802
-9.885177060260402
-14.954255321367347
6.769231224197487
-3.416826384625862
-4.342539169147277
-0.8630148239227695
-3.3722781236096266
6.997509183913967
1.9751292906487112
0.2422652660267044
4.234262014951551
6.291442710170139
0.16103694689265424
10.557551159037684
-26.504551928886105
8.68165594738804
-20.25547298967835
1.5787540535399014
-3.438486097007453
6.457757525953487
-3.8978962656034524
6.196389473213826
-5.82105369280393
-12.724141588349083
16.8871312292417
6.769949925221487
2.537174172292022
-6.512155214455233
-0.4946506603590277
3.1421292758999715
11.185220316707314
14.067804497988208
2.158721091968459
-7.772672269848203
-17.459902100777303
3.6620459295200147
19.133800759633132
-9.321638146665162
-6.147985142450394
-5.610096388008231
12.957799376276526
0.15855288840881165
11.21734925199445
-7.1295409559102465
9.137274805412888
5.993459194396707
6.140644151532244
8.577043457781388
-4.25909420196595
-2.0367473747654543
8.936714944275126
8.241328535937663
10.867022611523144
-1.703533697962099
5.463472021594929
4.540355362114419
10.203684514912199
0.08758804066029757
5.833199716621009
-14.49914665564195
19.195752811382643
-3.194867760947284
-0.007093202636534346
1.2926829954782686
-11.72665441721423
16.62382825751823
-17.27559394436064
-6.838458921194701
3.7498267059318886
4.398887461738377
-13.063769228810544
5.894220809427083
2.8270502345570754
-2.154326813990959
-12.131458750493879
-0.5990616940282054
7.745014805126409
-18.258573661978975
10.965733371217349
-8.832598785564281
-0.8019118037644599
-10.200268539821916
9.152400280695327
23.529984729009012
-1.2931801795128677
-0.8320921735381801
16.930663730052196
0.08120987386507394
-6.920730619532594
-9.584241073827352
-2.6283680901585744
-7.550825064470922
6.413007947014756
-4.132447928461478
5.295725870909629
-6.438684284601089
-5.437641369424621
-5.583436554930109
2.8632418308759404
-1.3599264960383244
7.898448187939488
-9.381244964969548
-4.560036417321091
-7.882823631588157
7.316844121669621
-0.21998335618099896
17.00907193005779
6.193785664884683
3.4836310773952883
-10.572787739682871
5.877514836245671
-1.6405598080377595
17.95708482017368
-17.768261799345698
2.592973648355779
-3.1335816460122907
-7.951649014344729
-4.720553581899641
-5.767450627452599
-11.931696125830358
2.7886044111211867
4.335211566993535
2.176862094739079
9.827073331527055
8.395271591235263
-3.5811484258998383
5.069113449169694
1.9668840457964298
3.637485528893315
-27.62475857273289
9.592097239510553
6.330070718195029
0.19926090046782807
7.002275956261533
-7.329979442633086
1.3534296414420566
-5.144532463716348
-9.79691660031994
1.9929344381006957
-2.5655924358959425
-2.199275952540782
-5.011749204368095
-1.348286569267547
-4.115577667727016
4.648266827967523
24.67162418656677
-6.975537998338194
8.901017142479072
16.10691822301585
7.7204333509476575
3.8072029739535673
11.10706865867987
-9.983480346166212
8.36813594058964
-1.13358292968545
15.174482605331525
-4.826972225246254
6.6006992911747835
6.73778421398308
0.06629856348226593
5.674885901413191
5.970247914074131
4.78435642332457
2.3616941026195994
3.4416531946715954
0.8494283857541951
7.930802280397242
-4.674984625254226
6.247025560043592
-11.569122689269543
-0.13943179305751663
4.149385081385817
9.568469310423735
2.2343634695334544
-8.235619881688601
11.317739450523812
-15.479924942326265
15.375939013168578
-7.420605276145399
-4.7772483269282455
11.338301852116901
4.925443942865509
-2.262470127906152
3.563845436885809
0.9527909059776172
1.7097600179168082
-11.062884938622782
-17.92821912102546
-10.4094990570033
3.586278789479634
1.5474801391245425
2.5020328835897447
-1.30668774221311
1.9643990347242382
0.6419405020159559
10.565039748950271
8.979924839772869
3.9701358114759304
9.002428077955022
-6.050737777252697
15.466592225366481
-4.415128929389725
5.246604115117623
-2.205557573270014
7.368957099229465
2.3364140530194875
7.096217647607134
-15.220338926400006
-5.909261937865378
-5.95997184083781
10.494318110891522
7.3365091309559824
-10.010461573038258
7.810490709323861
-14.53853047046386
7.606086959927587
11.957999549110747
-14.326746118811885
-12.729861090262292
8.494212107272832
15.405537942119699
5.77401355413353
16.59011175729747
-0.258058327405724
2.914595369288466
-10.431969680281066
-17.814243682524815
-17.65965497155832
-1.8721716198742238
7.100269534695038
-9.455524734324383
-15.161304540876435
-16.881768516556853
0.3648454743007328
-8.070616512576377
7.429796329060125
-2.8236974184657813
-12.161064765138532
22.884516769443742
3.877165967580769
-1.462774023931498
-3.8045752858250306
10.895863140326489
-2.765323755491149
-16.099336713549608
12.038593288981998
-13.792060849288989
7.46318331835007
4.644869764516645
-13.647639257470063
-0.2004320823239354
-16.736840840693862
-2.1962232437142206
0.23743832631785167
-5.355021994973808
12.151660552031627
-10.139741632957069
1.1428970978069
6.72392278389749
9.360539912462313
-6.320320211426027
10.95742418189254
11.723453033827253
6.681493929068208
-10.203148075617351
2.67943641760494
-8.04717179990825
-11.388034601865359
0.5134175967727401
10.908075620370008
-17.938508855462235
-15.592860802269458
9.082581173704677
-16.316038991942083
5.802579170360926
-4.26050653071306
5.189455310954851
5.7824155656848815
1.6759330561374104
-7.745790480331256
0.9169218673320287
-28.68542875787797
16.915553659042356
20.767543435773458
8.457334853108685
-1.3090977548793803
-5.78132296058281
-0.6663583353499796
1.737876575253639
-2.1757846948683075
6.1433423747632245
14.383184203534997
-2.7565559023484196
8.979203090960743
10.556086391158244
13.648282817844867
6.423462950707171
-16.290297941108246
-9.741495188110685
5.1253275180054745
-15.347396564160181
1.5402155284481083
14.780361897183896
17.369942208860795
7.84999452964663
5.437947941848464
-6.659178643603125
-26.914758602364156
-2.274338480542248
13.579169858020402
25.70511959063659
-15.136105863711139
11.199738672076407
2.704435791547221
-13.248705556988464
6.486905440831673
10.809947356384116
3.829869500967496
3.5190996702116384
0.2980069761416384
0.8745975638965753
-8.49766330735484
-2.297570450113653
-0.3186783440563933
-12.08029760610548
-10.618166571655768
8.18622883120293
4.828430369110509
1.225347609762247
-11.612415059831001
-2.1881254748736767
-14.233945192599334
6.171298548796694
2.528771612423135
-2.921419685219241
3.9926851947538107
4.189728434659256
-14.394692288832955
-17.5423608090121
13.45604284879815
-11.174745975554552
-5.842019922096386
-4.973331982709044
-11.184337273742125
-2.7266781396405233
-10.576383872917516
-1.722129677535973
10.200819883821644
7.263175482874914
3.446497542725476
11.269040094821596
6.182972967327143
-10.051569061455284
-1.3383105718194237
-2.4353351059132033
2.4977502280955686
-17.332473286021195
-18.534237663237814
-11.67566492165174
18.581929610834
16.77636088990437
-11.755072085018663
-5.166466836937059
-3.9267501627309023
9.026049713662816
-11.301348284068476
-0.7526838893564023
-3.6108208939624507
-8.12956799195072
-7.62652903442702
11.439882378050273
-0.5436314732322316
1.897412903087361
4.033591605198763
-0.516964136119541
-3.8656966006826186
0.27073875335184816
-12.556963357182127
-4.4387150775993165
-7.795664287199124
-5.199906807498365
1.5372027867934177
-8.116123998357077
17.093002127660224
-6.651416220313357
-4.2826959320699585
12.948332113447067
-6.807121337108627
-3.2764269312567826
12.898002392163185
10.471940912303458
-11.543792175623805
5.334673474844725
-2.417625799243847
1.0866961036944351
-5.649782582997236
-2.6515651916096803
-5.991108182314895
4.881175677774421
-6.2677263939136365
-4.835991323109
15.310733595728339
-18.118447151202947
-0.9332647728601842
-7.45916619321228
11.275300604842627
-11.956325669421334
8.518023293854208
-19.43290503592597
0.7697326201175123
-13.780011514301515
8.855221322305157
0.45176940497252005
5.413506556298178
11.986093992657006
-6.535847486650122
8.008987869025345
20.219377611077793
6.076613852345189
-8.5534631885967
15.82348018473166
-4.9825948344112545
-3.999731051619736
10.089929483361205
6.781119151319339
-4.279584615612786
-8.648754852733367
-18.04964198259265
-4.401553581459912
11.664718747171
13.857193011553372
21.991908126803192
-16.560695585921042
-15.846960097904292
-7.044515223429618
-1.5986909779570593
8.573731114551277
-11.256322135921897
2.1246277586268394
4.887667406916482
-5.595462275107047
5.635671177777627
-6.178843654573831
-4.515336975758745
8.564283478914138
11.838428080407219
-7.7895512561012135
21.80322667442731
3.828182529489975
4.147152583793733
-0.6312415000184743
-2.814147873135963
18.997143312093055
-6.601168555063759
4.327205744252676
3.4646151490004926
-2.212062362808691
19.360892834488695
-1.1999772462264708
-9.804844279798461
-2.424912468274487
-0.07453605609889746
3.836351970048471
-1.9409759668786737
-12.170520682962776
-10.69026068301502
6.500943933475907
-4.864449931443784
12.44698262095167
-11.233453877559326
-1.8599988851340865
6.898400779938457
-14.895751898022604
-3.6032704617316487
-9.576364520003581
3.6955828544301954
11.55873707293294
9.773226849952065
3.194906099027482
-6.25779419879827
8.415896328454401
-6.339170294462628
-13.299512341819403
-14.911603467147836
6.228278546457065
-3.822657810621511
6.771949479392867
-12.262894542740591
-11.582344981650484
-15.607847589169152
-12.04037799202556
12.894876594609356
-11.014400047544251
3.6092314178386515
-4.90842417790313
8.314994720550628
-13.78660490930406
0.5147077789258905
0.24271655860531105
-13.11035142438319
-6.467018554591168
-0.3358480556109047
0.034261637185415084
-1.7649796149940562
-2.723311835400439
-3.3818105327333945
8.12205907511809
5.479662148910708
-0.07026166930561217
-5.677677687658918
10.851007568674776
-2.350643395619162
-2.627787914687811
-8.438155839431845
-2.781257385615159
-10.484682596982887
0.16580469307530077
-4.101088168234076
14.073818217716303
-6.4428719312500204
-6.632871053857098
-1.1445153709605531
-7.671962382544649
6.023465883464491
-11.021058257361995
11.325683042090754
-12.724933025658322
13.344978220346965
17.792585662920363
4.457936357497535
-7.484454236612753
6.056264828978269
-1.874360484640215
-4.58515207403735
5.898035571577249
-4.525455518684402
-4.830213579919232
6.988352377233562
-7.1190665409134395
9.795273738588763
4.897198976327842
10.444784873660014
8.962490783748885
-5.14920999711349
-4.143344036869088
6.682140370961916
11.895670420916572
19.01941015863874
-4.523480710681139
-7.288449097037886
0.2036927498181751
-2.682309023439657
2.725624413625127
7.918167411121422
3.5699109733761785
1.4739355809851407
3.9447802767996984
-3.181244559769226
-6.2957699694126665
-9.064352022508432
%%
509.4771675150243
-1.069122526598676
-11.363466875150076
-3.6789775171669032
17.063683519909706
-18.750928337885714
6.7388623228171864
7.078171101527434
-2.542280697852187
6.705923416808425
11.826376215805405
-14.219845124048492
2.191112753488438
-9.32937785917696
-2.7972591881344404
3.8420300885011227
-8.799728053539168
-8.75736106071155
-4.821299150384099
8.88036751704597
-5.571679885195434
-15.295669484694587
-14.88665114709368
11.094048390936518
-13.419155566467913
-2.7659936287430513
2.853952661481393
-1.4416709622857162
-6.47665341917662
-4.024874375405299
2.5658220680680586
0.1482989677481199
10.092881210826205
0.10136066009621025
11.195841795215985
-0.29226027602946925
-10.198541056225983
-11.362881624390193
3.0318103362543853
-6.858325895208901
8.026222336044851
2.939432140632419
-18.989558427515302
-17.771279864742464
1.0180176168459818
-3.2690354731511553
-0.32108242243940666
17.33003190249316
6.110697349711596
5.759402316043137
-4.161453730929707
-13.845324275975239
-1.944126107898763
-4.434766068134134
-0.6620395514264016
-1.5029425874423323
22.393042693576913
-8.069339969349164
1.748873365185278
4.3915402678647455
1.57984560889863
11.185799324849507
-3.731062197494609
0.6411475618575193
4.254483708161586
-3.4601503984961517
-5.311833869459899
0.37469285656804985
-6.978051395959381
6.167748345259814
3.651464208699991
9.612500032908558
14.73021933392433
-1.8714663761929478
-1.7783501589564792
9.174960752930447
3.3645428069722176
-7.149860843804498
-10.138414601099969
0.8688814099243842
-1.1221539244810534
-4.8024883785444334
-2.4835369565425776
-13.028210207496311
-9.126840259086626
19.50519059677082
-1.2010531672041662
-0.9211815404621279
-7.78512499788099
-12.201745429485731
-4.151361746618991
14.81880835682084
5.747140806326672
6.085170440354362
-2.8411614257438598
0.31439527136145373
-8.629753672062956
1.3300942963555022
18.39814573311607
-1.373325277425586
-8.620176479124313
-9.383497194725416
-13.913748108935854
2.6562027185159254
-4.33524559833792
-12.894435246327067
2.2628194117432776
6.68257840692725
-1.3083179354105283
12.045458482715384
-3.746860888862589
-0.9555598299614554
10.673930198033785
10.141041781603702
-13.350136822174898
-7.690535794856092
-7.400105957175637
-5.436520587820575
-1.7030053680790243
-10.41883777590083
16.015681955116857
-2.286076171599942
8.136440606741507
-2.587783974897745
14.119614515135781
-7.243631908265637
-6.403588771662652
1.6586479263787246
2.3483314499941117
-5.209535851651251
12.543601525934418
7.349906312282454
7.753507600631768
-4.368459366889714
16.17527499684611
-1.762147987041371
2.567138304505752
-7.73133595115706
5.270783149249805
-12.10153038050997
16.134545077447488
3.074666123245306
13.626239902093419
6.635472539086664
-17.78566493272476
-1.3681692225208852
-1.2648702003139891
4.55318441850926
11.916998015015468
10.28294527206211
19.162354625448895
14.236309749511557
-5.9118724736752375
-11.444221530337563
-10.75339626888085
-5.816542592000924
9.837436860076812
4.132499373713446
-4.208115516805765
6.6581417589014995
7.47954501105984
-1.4506884413457501
-5.28556190022035
-6.60282925832882
1.1580353012498215
-1.0577110519715216
3.3187115115985004
-7.462954567882419
-6.180783551747581
-1.1986052890972987
17.05174883852482
-1.722794048414321
7.789472931691683
-1.4156432667797945
0.9506429380861032
6.985198156093591
-4.746309351014433
0.05358991969135429
4.175554168458884
-7.159904293904434
22.454244272904305
5.225354876544802
18.51185727508158
-2.1850077051829935
9.34032101415229
-5.7677934680605
-3.9786570969601875
-25.11330208683694
-6.872474554608602
-6.562011088539472
11.7963442311316
-6.945769637062981
13.423243459889962
-6.050208140462369
-17.330656372351907
-16.981726451959187
-2.734503342777834
11.682066256049714
-3.946571185042362
9.842325626776509
17.445738758722573
9.740883988286912
14.157241498413976
13.5476092033882
6.140759819012898
-1.0311791181555536
-8.543043394822629
-0.48181446272326234
20.562439905940444
9.759850262755098
-4.552517361936872
4.30166284709786
0.24725209224142985
3.9632277310609934
1.3220187299371018
-12.856187842181763
10.208561795726828
-2.858453375394999
-6.5606591011014315
-4.874374551891893
8.342658405149708
-11.133678780402379
-2.1938852431307247
2.1821113428448577
6.404206011035062
-3.2633003388585045
-11.184053925533574
3.3087005865383943
0.36106619125347095
-15.436246518722738
-18.861238111038826
-11.3123737042298
9.99290824981932
10.796426822057056
-2.473282174745678
-10.370891363276185
-12.98317999661071
3.6564083552979065
6.53911678743337
25.740288274306277
12.712788122258521
-18.632964904872214
-15.958138648572026
-1.5645082160435217
2.2182475205550825
12.585146065238058
-5.907739878452177
1.8559758161089004
14.483281892885804
13.513785172755673
-0.3285142942301249
-14.463108256551093
4.102832503014672
3.4662603782168344
-0.1089977759973122
2.7822013488195796
-5.384675688524713
-1.6126909487049197
-6.92981032843564
-7.002128893074674
12.23895797173148
3.367792969475081
-8.650445517057198
-7.92950737393289
15.249886789042689
13.420162041909249
3.7710829656027443
-8.485727342386093
-8.996431565165596
-9.513880186012509
-6.918810845440109
-4.093490678511858
-1.8606241856150918
10.744660240207862
-6.076447549416684
-8.282664254849296
-4.571277030580994
7.850330742374444
-9.234021956367767
-0.4498456743743544
-12.529449159463114
8.930176705193768
8.533935651793927
-4.864473778199113
5.120951355261641
-3.254498958416544
5.875258957420944
-4.389520914204426
-0.34729106212884275
19.730166128208552
-6.0622880597696875
-7.07408849751556
-18.06939219939856
-12.043081945603804
-3.729850881998571
6.41110139120611
-2.9611872612594556
-6.961764825623707
-6.044811688853404
1.1541892510429852
5.096684730525481
-1.0601478654966119
2.7012479828800884
-1.4460619339275824
-1.1860268129948786
-13.160055445411247
2.158688829229535
6.389005022619226
-4.106501778207341
4.4544450450995
3.0959333328024
-9.510612659141886
2.8271406996342043
-2.2292932414834215
8.965462252918476
1.45512743730468
1.00587532749516
7.2222789085632995
2.6252312035666363
-3.5370366713692696
-1.9872485429674098
5.959370952542988
11.92453705169177
-6.255885752238782
-8.216974901753671
9.666083118169544
-17.722472246766817
4.266231515135049
4.036259063906708
-5.4957542616934445
-12.1834255563934
6.3456730995168344
8.152216269504178
4.764040617846962
0.16221195440628833
-23.523068728800542
6.740726418011676
8.2089341051787
-2.2876055716194066
-9.358330494741567
-13.076175329499772
3.484437856033665
9.805355974960216
2.3521071609199207
3.021383974449677
-10.580969712824162
-20.591617143433883
19.996118780757204
-5.657834875839277
4.782397677913528
6.2455928096054025
-6.955429869863427
3.5537944670096815
-5.355419764649022
-17.96880550819004
-10.2874356820656
9.278955358760088
2.526158063916833
8.342561566324884
-2.5607869600170896
8.06223638312481
18.65019501397482
5.288384363296447
-19.646429183451712
6.915864720374994
11.229525136981827
2.178165401634652
-1.8223199890328146
-5.657324979625007
-0.3800245110555944
3.1094117819113274
19.002241088167697
0.40405307879656105
6.223345707001239
6.236097478750438
21.1933153868539
0.10077362651806543
-0.7471272213770399
-6.8975061513383435
4.284330734009713
-1.2755448385289987
-2.9058663904896407
9.136821849261791
11.831616141144055
0.33069694294055907
14.592632106544078
-6.080405993437016
-7.079324464059245
-6.438200079564845
20.924098689805053
10.275507123902571
1.275529220293146
-13.409253231803449
2.723431110721161
4.969492533593752
-3.1146658843459725
-1.657143957434546
7.009321344414244
-6.529773319072954
10.74899452657728
11.699113434400576
2.77423784008389
5.403881567092376
-1.9164325164809561
-11.879243415737447
-9.667219373961435
4.877638998334125
10.775217846310655
-2.6671460721261417
5.205663442260831
0.6386170373082262
1.775957617240094
4.261860758237368
0.8175205968451023
8.300903831228146
9.354930129156314
0.3467208343820425
-0.4003067259586399
4.249012263286453
-21.704820957142243
-27.244409256821505
2.1878828302292312
2.3018798237476403
25.28912063341186
-0.6073212197461104
-8.285271941759389
-6.0630291681448325
-2.3974185864668933
7.8524145149202615
2.8749796098034213
-11.879986532430356
-10.37718817978193
-5.222663635377379
-6.98363542167657
5.270832886795674
-4.454194635578185
1.6134265054867885
-9.596270700743938
-11.489827377314326
10.183837047991082
-0.17272962911122214
20.36403847844672
-1.016244394821678
6.610343432297188
4.929134785828819
-2.043366935501689
6.911354650349014
6.007803424941339
6.640209627313188
-4.207814371597096
-0.9118169634474902
-8.818311464058675
3.7578610769979606
-4.354508840492538
-3.439396156200061
-7.845312879315823
0.3177149497117455
2.6169959408684975
-5.062500438953266
2.758935281080386
7.879419625819309
-9.195865781228816
6.835713381234863
-15.901356280633367
2.3309898082344893
3.214802806813967
18.078279697333492
1.914246469354861
16.529460208061327
10.609231069025354
2.2515078594369435
1.813725355552888
-6.368075639258401
-8.448390833987963
7.671755429167994
5.493076721532629
-10.626529715786015
1.881898126375007
21.31491502345636
3.8593471710994915
-3.5831066561031704
-3.8454186359516824
2.581463580095712
-15.323326287261166
-9.278399752551115
-1.8184703019583295
-6.587208213587366
7.545303292850146
14.130110683830535
26.220928054246546
-3.527255883322107
-2.699931173817147
6.677621725628287
-5.159205170356467
7.62122202557681
9.935920304411416
-9.22057925417914
16.22122114514441
0.6513079650619851
-2.1367218678175015
7.024613669617833
-17.430879904499594
-21.332994879856823
27.67842392611909
0.6021654256915009
0.6238331380559238
0.2855855561303914
0.622556967532015
0.293555572296433
0.9589648176738705
0.9601991287755726
0.5852953296215396
-7.452893320471438
19.715988460727583
-7.556679129604967
8.876052073227024
2.518714983751078
-17.42021504639847
-2.316959107177864
5.590001596994671
-3.578733986812286
-5.863231479717432
0.569099044243933
-6.345876201167527
-10.440396975806662
-15.462036705021196
1.21378272580882
-0.12049396002324697
-7.310868462686028
11.782255256678203
0.614709487714459
7.5283810710247066
4.341226648936034
10.882223492003265
9.17667895287848
-0.9409781694630208
5.20396431031813
4.901098304128019
-10.419698582349394
0.4960208234466723
4.3254952546092005
-19.659570357216996
5.862107455626454
-0.396761452589371
-10.43544894912221
5.352107504129601
-7.714953771802066
8.52051517234714
0.20203321979205324
0.20451871618821837
13.657749694113795
-11.082835039050229
2.1179025488957075
3.6743436001724916
-14.120126117754372
-6.449795803241456
2.390881131346945
-6.794559627892828
-21.614274667786074
0.03674723110216327
-10.681718589325945
-16.387352429942734
-8.405614925224741
-6.538203918574324
-8.623814639092595
3.3956348532358374
-2.968046959470668
-2.522696815313975
5.776992912545487
5.6956580870093125
-6.893472713416759
8.954710950995919
-1.6462407800289771
6.263246522380109
-5.403270008659103
-0.28922186983501685
-7.230090560430361
16.046026414649493
13.686227950049565
6.1118898131815
-14.026598540548251
1.2616777434351398
-4.2385750321063425
6.139622115830043
-2.739875591912531
13.029876215726024
13.589463768575046
8.775105029846367
6.912418784026847
5.699102919288438
-6.671756726002923
-13.803901326956703
10.957569267365054
-6.031850115270021
-4.708738590773904
19.864655021330353
-8.34482302038742
0.8642640522358516
21.097199539622938
9.503491843805898
-0.7083543090468165
-8.750677353314469
7.066115834737231
-2.0284181776123615
-25.908076299793752
-3.354929338430546
-3.76050461624761
-2.5120912581487045
3.3433137277063536
0.6168733546058385
6.40160161521273
-6.340613301432784
9.341600716951715
6.217026412761933
-3.2438763301187343
-12.68379105200969
4.613810600510907
2.707439905753185
8.842810260607406
-6.416447084062239
-4.7816435400129285
-4.052440962876928
13.705071827667469
3.011529862350181
21.79050225184842
-17.54265735562942
-5.465347168126214
5.079958436314391
1.0001216450617951
-15.113897137609099
-5.46164900987885
1.8233716310636687
5.543310128285159
10.425782070067962
-4.426719097941539
-0.6437548161246862
-16.26856025214263
-2.1683717127720312
-3.285836568786388
-2.7471350707870523
3.8104031979047206
-6.6221653938041145
-10.205221861105857
9.67482247296738
-5.126615527386017
-3.847292067595994
-4.231279114400379
-0.9742162918103852
16.50206846824927
-9.404771310668803
-13.987258488432312
-25.221876726803128
16.104013768721178
14.012285626798471
-14.473874885039907
-7.83715499971652
1.901721019058582
7.644480598030506
15.053961285519806
7.2252916840651435
10.47379945402798
-14.034648812738475
6.139417676993161
0.32967109643767367
1.5006289077526436
14.466683097592476
15.596527406842116
14.508705686019661
-0.1967826108769093
-4.5282453792428745
-5.3922855477053515
-5.836641547015904
5.939363558210048
1.3179416414240994
6.055684605360427
6.43459654263959
5.541455242859581
6.6264146215961555
-2.0785069265199994
-11.908465977192611
-5.43239984479314
3.2927202415336727
-1.7265941237216287
0.9847009675928439
-15.717890336229905
5.8509896537988135
-12.169494003413849
1.9963444601807598
-1.9950947375230195
11.748571947838
12.882909056235604
2.6464413370067756
-14.015689074556681
2.730095428802959
4.311496174182866
-11.278870027137538
-1.6348403941178136
8.736458940717815
6.187847359996911
10.504129042113371
-1.6879936624921807
-14.303466216727827
-6.421703405484188
1.398352151326531
-11.02340360317607
-8.795540409950844
-7.040885976928706
0.8161171583020979
-16.580327750185926
-2.34622826414524
9.065959759653538
-9.345964348817208
10.627997479389647
-12.308816438344818
6.546587041062559
4.645292669713892
-14.075894016319296
0.09100235674006463
-2.9764617129600635
-4.382650784345823
14.860239808199426
-3.8150070767021207
-8.696256450239181
15.594395395531818
-13.699515953394087
0.6522644521112984
6.568013332214373
-15.862242550743014
7.013076491480766
3.841684767749085
-13.464662570758742
9.378609852139336
16.039631306369504
1.7050367370406674
-16.991856007941156
17.640861881523694
-5.008473449529887
11.285043762487552
-5.36667038134281
3.0753644001620395
-4.514124996899658
10.985152524382466
-15.545175373567412
3.5801666169834503
12.501811951839384
10.702339663352033
-6.435952772094875
19.76575958936294
-2.989080385803064
4.932447964783244
7.876147974879559
-12.58171531138033
0.6665113254425505
-7.813385087518758
6.114850060601477
-13.281732616042492
-7.747217511162552
13.248820581364553
2.557668422757647
0.2773072231094793
14.1568491177038
0.7705658279071823
18.032784593198013
-6.387220226220925
-3.1208080557597557
0.496234571946333
-8.255918450402385
-2.4491593141169408
-9.22357217382361
-2.432969275643726
0.3557483126741494
6.051000688423877
-10.465729706249592
0.1062160983640652
-3.4150834753971844
-10.232142082438534
2.007884406118402
-10.540272772111745
-2.49341997297621
14.644777505275156
-1.1848589419236772
-1.9849445331939448
-5.156682320680024
5.141275842741291
9.879130074439958
-18.212720380923297
3.2606793742615956
-12.165345427356401
6.519789761618555
12.55275767064339
-19.407335178897196
-21.56720606552332
-9.629784246700689
-10.876562514976426
-7.432031410209592
3.7591317407471783
-28.44138723940293
1.1973946509181808
23.32942958640102
-5.652100121783331
-19.173098121676336
11.625199208926633
14.083462367819363
-7.842313197709307
0.48913245881210177
4.940610867502784
12.450240806447754
-3.559600546216026
1.6809730026194067
-7.02088541097155
12.567083450771344
18.6860259778441
-12.812356878983662
4.472532887896988
1.3309153185426137
-5.817187861633298
-11.042521433513416
-3.679886300908842
-5.7279851242151
3.6411522069007742
10.197277181348134
10.14706590624397
-11.583496800799479
-5.724199384290938
-14.79082715498875
-3.3348023377863196
-2.9058196692974883
1.6130254111344642
8.811289963805335
-12.210080462635338
-11.351250042953447
-18.28581937716184
-1.316154895233936
5.484579989922447
0.3959223781496575
-7.9725364396942
-9.53667741587355
-1.0718579339731216
-29.53689457005
4.6311368608368095
-8.453735479647767
4.829386684541547
-6.990088183793058
13.671000144544104
10.761641611205997
-3.671623807915435
-5.0047832388797415
-8.98072098520983
11.963834897730152
-0.5032826639698573
11.465944833283698
-3.0025989206635444
14.107141831189404
9.196096013387775
7.056879271742308
5.1693823980143145
-0.634060179518876
-5.900136866851901
1.7021884302436776
5.715379493461027
-1.9495841151674826
-5.386287993264891
2.919595741786758
9.894186707756402
-4.012204969678565
10.732397055424832
-7.42345495034268
-1.195736613600324
-15.140157390543232
7.593251832450968
3.3206078438855315
-5.745564096460924
-3.333774015140945
9.456878918940378
-15.023671928864927
-3.533167558974644
-0.41740427663871316
18.451926333085435
-13.799421629248927
-5.136468082984536
1.0104457416339496
3.0413120887531493
7.214431776524511
5.339066294158692
10.370673531207744
-6.065746660335786
-1.4558389371730456
3.771402952166444
1.6099696059176942
8.774498065395745
17.71659022406457
8.841884905961814
9.57332162313421
11.109318956940372
4.310070009560862
-20.67121097203628
1.1438386017551765
-3.4562588619134034
10.090357513265173
10.94178928770762
-12.167845694802756
3.9742245950007904
15.645735268192338
-4.202753895144148
9.401630866515957
3.3663561196011407
6.428215782969525
5.861002343665594
1.95357165929563
2.0354669525509164
-8.516844056716236
10.865240359714624
-9.778658832057845
-4.214904941566664
-1.6954633715218175
3.0356416357905434
-3.240575797640892
-0.7889723913904414
-9.422453271353136
7.371242525375394
17.560954971279966
-11.388482636360427
-1.5062755930138256
8.554327304093567
4.188014647947136
-8.467170276437864
16.63204538051848
1.220265306396052
19.17769606633463
19.72114058368639
19.614791687658705
5.512158254428615
-10.4718429695258
6.867475089491086
1.4797661017251553
4.426079412956583
3.0356372070541853
-1.8150065757829794
5.707294659864291
5.846860581627353
-8.070840567426563
-3.639197907353149
-0.8735999862443549
1.4379228575183738
4.204846515853798
2.640163464496196
-20.20660280121609
-13.968214190810597
-6.82297505753855
-7.499341862141184
4.149043179305381
4.6004404245646215
6.564920169070718
-3.465622013972102
-2.395193284999124
2.4670216769521685
-6.193818207782227
0.1808401848304806
-10.646395211266972
-10.27073554227986
7.349068868196913
8.500281282904949
-2.0916565942543692
9.449588557345146
4.358801633174299
-4.734213051378718
0.7939574160286667
-3.960821093151575
-2.1954706568152975
-12.043339467958926
-5.4856536445981865
-5.82436521161
-3.4593659391972564
-1.8737020585699677
-6.094254787143712
10.458219617873477
11.501637323056103
-6.869426799516305
3.4151144511188383
-9.758233413129998
4.747751858766689
-26.529693082511823
-1.072357982121484
9.920574232977726
-9.271269962150411
2.7295180649220314
-22.217410102576114
10.686230148903709
-0.6686556886390012
-8.649203006665886
0.15336733251518986
12.697671264784148
3.092930372830394
1.5078876375072028
-7.585810026286809
-4.031574013954381
-7.539675982563487
10.196012850941852
12.83451043521187
12.432917963653606
-7.852755225716678
-7.006105773915611
-7.741783500611853
2.142521667939087
5.571141717719136
-3.443238200860125
10.129091293375216
16.052507208179104
1.6531054973363113
-6.98751782075584
-4.469067672460693
14.231832686515494
4.67950852735929
9.159337490081041
3.3631009566892307
7.3869696993764835
10.423264272543086
0.987447461171163
6.674182446691078
6.954003376931738
6.567803827578888
2.8909228355561036
0.5891315976107387
-3.949812237436346
